<?xml version="1.0" encoding="UTF-8"?>
<!-- Generated by org.testng.reporters.JUnitXMLReporter -->
<testsuite ignored="0" hostname="DESKTOP-I3BGM4H" failures="0" tests="4" name="Default test" time="4.712" errors="0" timestamp="2024-01-30T17:04:12 IST">
  <testcase classname="testEndPoints.GoRestEndPointTest" name="testPostRequest" time="3.546"/>
  <testcase classname="testEndPoints.GoRestEndPointTest" name="testGetRequest" time="0.335"/>
  <testcase classname="testEndPoints.GoRestEndPointTest" name="testPatchRequest" time="0.377"/>
  <testcase classname="testEndPoints.GoRestEndPointTest" name="testDeleteRequest" time="0.374"/>
</testsuite> <!-- Default test -->
