<?xml version="1.0" encoding="UTF-8"?>
<!-- Generated by org.testng.reporters.JUnitXMLReporter -->
<testsuite ignored="0" hostname="DESKTOP-I3BGM4H" failures="0" tests="4" name="Test" time="4.607" errors="0" timestamp="2024-01-30T17:26:35 IST">
  <testcase classname="testEndPoints.GoRestEndPointTest" name="testPostRequest" time="3.299"/>
  <testcase classname="testEndPoints.GoRestEndPointTest" name="testGetRequest" time="0.295"/>
  <testcase classname="testEndPoints.GoRestEndPointTest" name="testPatchRequest" time="0.355"/>
  <testcase classname="testEndPoints.GoRestEndPointTest" name="testDeleteRequest" time="0.327"/>
</testsuite> <!-- Test -->
