<?xml version="1.0" encoding="UTF-8"?>
<testng-results ignored="0" total="4" passed="4" failed="0" skipped="0">
  <reporter-output>
  </reporter-output>
  <suite started-at="2024-01-30T15:19:28 IST" name="Suite" finished-at="2024-01-30T15:19:36 IST" duration-ms="7747">
    <groups>
    </groups>
    <test started-at="2024-01-30T15:19:28 IST" name="Test" finished-at="2024-01-30T15:19:36 IST" duration-ms="7747">
      <class name="testEndPoints.GoRestEndPointTest">
        <test-method signature="testPostRequest()[pri:1, instance:testEndPoints.GoRestEndPointTest@3a1d593e]" started-at="2024-01-30T15:19:29 IST" name="testPostRequest" finished-at="2024-01-30T15:19:35 IST" duration-ms="6293" status="PASS">
          <reporter-output>
          </reporter-output>
        </test-method> <!-- testPostRequest -->
        <test-method signature="testGetRequest()[pri:2, instance:testEndPoints.GoRestEndPointTest@3a1d593e]" started-at="2024-01-30T15:19:35 IST" name="testGetRequest" finished-at="2024-01-30T15:19:35 IST" duration-ms="355" status="PASS">
          <reporter-output>
          </reporter-output>
        </test-method> <!-- testGetRequest -->
        <test-method signature="testPatchRequest()[pri:3, instance:testEndPoints.GoRestEndPointTest@3a1d593e]" started-at="2024-01-30T15:19:35 IST" name="testPatchRequest" finished-at="2024-01-30T15:19:36 IST" duration-ms="536" status="PASS">
          <reporter-output>
          </reporter-output>
        </test-method> <!-- testPatchRequest -->
        <test-method signature="testDeleteRequest()[pri:4, instance:testEndPoints.GoRestEndPointTest@3a1d593e]" started-at="2024-01-30T15:19:36 IST" name="testDeleteRequest" finished-at="2024-01-30T15:19:36 IST" duration-ms="459" status="PASS">
          <reporter-output>
          </reporter-output>
        </test-method> <!-- testDeleteRequest -->
      </class> <!-- testEndPoints.GoRestEndPointTest -->
    </test> <!-- Test -->
  </suite> <!-- Suite -->
</testng-results>
